<?xml version="1.0" encoding="UTF-8"?>
<!-- Generated by org.testng.reporters.JUnitReportReporter -->
<testsuite hostname="NDI-LAP-762" name="com.qa.test.DemoTest" tests="3" failures="0" timestamp="24 Jan 2018 16:58:17 GMT" time="3.439" errors="0">
  <testcase name="sub" time="0.004" classname="com.qa.test.DemoTest"/>
  <testcase name="startDriver" time="3.433" classname="com.qa.test.DemoTest"/>
  <testcase name="sum" time="0.002" classname="com.qa.test.DemoTest"/>
</testsuite> <!-- com.qa.test.DemoTest -->
